This is pdfTeX, Version 3.141592653-2.6-1.40.24 (MiKTeX 22.8.28) (preloaded format=pdflatex 2022.8.30)  26 OCT 2022 01:30
entering extended mode
 restricted \write18 enabled.
 file:line:error style messages enabled.
 %&-line parsing enabled.
**c:/Users/renda/OneDrive/Documents/CsEandeavours/Notes/STA3036S/Integer_Programming/main.tex
(c:/Users/renda/OneDrive/Documents/CsEandeavours/Notes/STA3036S/Integer_Programming/main.tex
LaTeX2e <2022-06-01> patch level 5
L3 programming layer <2022-08-23> (C:\Users\renda\AppData\Local\Programs\MiKTeX\tex/latex/base\article.cls
Document Class: article 2021/10/04 v1.4n Standard LaTeX document class
(C:\Users\renda\AppData\Local\Programs\MiKTeX\tex/latex/base\size12.clo
File: size12.clo 2021/10/04 v1.4n Standard LaTeX file (size option)
)
\c@part=\count185
\c@section=\count186
\c@subsection=\count187
\c@subsubsection=\count188
\c@paragraph=\count189
\c@subparagraph=\count190
\c@figure=\count191
\c@table=\count192
\abovecaptionskip=\skip47
\belowcaptionskip=\skip48
\bibindent=\dimen138
) (C:\Users\renda\AppData\Local\Programs\MiKTeX\tex/latex/base\inputenc.sty
Package: inputenc 2021/02/14 v1.3d Input encoding file
\inpenc@prehook=\toks16
\inpenc@posthook=\toks17
) (C:\Users\renda\AppData\Local\Programs\MiKTeX\tex/latex/graphics\graphicx.sty
Package: graphicx 2021/09/16 v1.2d Enhanced LaTeX Graphics (DPC,SPQR)
 (C:\Users\renda\AppData\Local\Programs\MiKTeX\tex/latex/graphics\keyval.sty
Package: keyval 2022/05/29 v1.15 key=value parser (DPC)
\KV@toks@=\toks18
) (C:\Users\renda\AppData\Local\Programs\MiKTeX\tex/latex/graphics\graphics.sty
Package: graphics 2022/03/10 v1.4e Standard LaTeX Graphics (DPC,SPQR)
 (C:\Users\renda\AppData\Local\Programs\MiKTeX\tex/latex/graphics\trig.sty
Package: trig 2021/08/11 v1.11 sin cos tan (DPC)
) (C:\Users\renda\AppData\Local\Programs\MiKTeX\tex/latex/graphics-cfg\graphics.cfg
File: graphics.cfg 2016/06/04 v1.11 sample graphics configuration
)
Package graphics Info: Driver file: pdftex.def on input line 107.
 (C:\Users\renda\AppData\Local\Programs\MiKTeX\tex/latex/graphics-def\pdftex.def
File: pdftex.def 2020/10/05 v1.2a Graphics/color driver for pdftex
))
\Gin@req@height=\dimen139
\Gin@req@width=\dimen140
) (C:\Users\renda\AppData\Local\Programs\MiKTeX\tex/latex/amsmath\amsmath.sty
Package: amsmath 2022/04/08 v2.17n AMS math features
\@mathmargin=\skip49

For additional information on amsmath, use the `?' option.
(C:\Users\renda\AppData\Local\Programs\MiKTeX\tex/latex/amsmath\amstext.sty
Package: amstext 2021/08/26 v2.01 AMS text
 (C:\Users\renda\AppData\Local\Programs\MiKTeX\tex/latex/amsmath\amsgen.sty
File: amsgen.sty 1999/11/30 v2.0 generic functions
\@emptytoks=\toks19
\ex@=\dimen141
)) (C:\Users\renda\AppData\Local\Programs\MiKTeX\tex/latex/amsmath\amsbsy.sty
Package: amsbsy 1999/11/29 v1.2d Bold Symbols
\pmbraise@=\dimen142
) (C:\Users\renda\AppData\Local\Programs\MiKTeX\tex/latex/amsmath\amsopn.sty
Package: amsopn 2022/04/08 v2.04 operator names
)
\inf@bad=\count193
LaTeX Info: Redefining \frac on input line 234.
\uproot@=\count194
\leftroot@=\count195
LaTeX Info: Redefining \overline on input line 399.
LaTeX Info: Redefining \colon on input line 410.
\classnum@=\count196
\DOTSCASE@=\count197
LaTeX Info: Redefining \ldots on input line 496.
LaTeX Info: Redefining \dots on input line 499.
LaTeX Info: Redefining \cdots on input line 620.
\Mathstrutbox@=\box51
\strutbox@=\box52
LaTeX Info: Redefining \big on input line 722.
LaTeX Info: Redefining \Big on input line 723.
LaTeX Info: Redefining \bigg on input line 724.
LaTeX Info: Redefining \Bigg on input line 725.
\big@size=\dimen143
LaTeX Font Info:    Redeclaring font encoding OML on input line 743.
LaTeX Font Info:    Redeclaring font encoding OMS on input line 744.
\macc@depth=\count198
LaTeX Info: Redefining \bmod on input line 905.
LaTeX Info: Redefining \pmod on input line 910.
LaTeX Info: Redefining \smash on input line 940.
LaTeX Info: Redefining \relbar on input line 970.
LaTeX Info: Redefining \Relbar on input line 971.
\c@MaxMatrixCols=\count199
\dotsspace@=\muskip16
\c@parentequation=\count266
\dspbrk@lvl=\count267
\tag@help=\toks20
\row@=\count268
\column@=\count269
\maxfields@=\count270
\andhelp@=\toks21
\eqnshift@=\dimen144
\alignsep@=\dimen145
\tagshift@=\dimen146
\tagwidth@=\dimen147
\totwidth@=\dimen148
\lineht@=\dimen149
\@envbody=\toks22
\multlinegap=\skip50
\multlinetaggap=\skip51
\mathdisplay@stack=\toks23
LaTeX Info: Redefining \[ on input line 2953.
LaTeX Info: Redefining \] on input line 2954.
) (C:\Users\renda\AppData\Local\Programs\MiKTeX\tex/latex/l3backend\l3backend-pdftex.def
File: l3backend-pdftex.def 2022-08-23 L3 backend support: PDF output (pdfTeX)
\l__color_backend_stack_int=\count271
\l__pdf_internal_box=\box53
) (main.aux)
\openout1 = `main.aux'.

LaTeX Font Info:    Checking defaults for OML/cmm/m/it on input line 10.
LaTeX Font Info:    ... okay on input line 10.
LaTeX Font Info:    Checking defaults for OMS/cmsy/m/n on input line 10.
LaTeX Font Info:    ... okay on input line 10.
LaTeX Font Info:    Checking defaults for OT1/cmr/m/n on input line 10.
LaTeX Font Info:    ... okay on input line 10.
LaTeX Font Info:    Checking defaults for T1/cmr/m/n on input line 10.
LaTeX Font Info:    ... okay on input line 10.
LaTeX Font Info:    Checking defaults for TS1/cmr/m/n on input line 10.
LaTeX Font Info:    ... okay on input line 10.
LaTeX Font Info:    Checking defaults for OMX/cmex/m/n on input line 10.
LaTeX Font Info:    ... okay on input line 10.
LaTeX Font Info:    Checking defaults for U/cmr/m/n on input line 10.
LaTeX Font Info:    ... okay on input line 10.
 (C:\Users\renda\AppData\Local\Programs\MiKTeX\tex/context/base/mkii\supp-pdf.mkii
[Loading MPS to PDF converter (version 2006.09.02).]
\scratchcounter=\count272
\scratchdimen=\dimen150
\scratchbox=\box54
\nofMPsegments=\count273
\nofMParguments=\count274
\everyMPshowfont=\toks24
\MPscratchCnt=\count275
\MPscratchDim=\dimen151
\MPnumerator=\count276
\makeMPintoPDFobject=\count277
\everyMPtoPDFconversion=\toks25
) (C:\Users\renda\AppData\Local\Programs\MiKTeX\tex/latex/epstopdf-pkg\epstopdf-base.sty
Package: epstopdf-base 2020-01-24 v2.11 Base part for package epstopdf
 (C:\Users\renda\AppData\Local\Programs\MiKTeX\tex/generic/infwarerr\infwarerr.sty
Package: infwarerr 2019/12/03 v1.5 Providing info/warning/error messages (HO)
) (C:\Users\renda\AppData\Local\Programs\MiKTeX\tex/latex/grfext\grfext.sty
Package: grfext 2019/12/03 v1.3 Manage graphics extensions (HO)
 (C:\Users\renda\AppData\Local\Programs\MiKTeX\tex/generic/kvdefinekeys\kvdefinekeys.sty
Package: kvdefinekeys 2019-12-19 v1.6 Define keys (HO)
)) (C:\Users\renda\AppData\Local\Programs\MiKTeX\tex/latex/kvoptions\kvoptions.sty
Package: kvoptions 2022-06-15 v3.15 Key value format for package options (HO)
 (C:\Users\renda\AppData\Local\Programs\MiKTeX\tex/generic/ltxcmds\ltxcmds.sty
Package: ltxcmds 2020-05-10 v1.25 LaTeX kernel commands for general use (HO)
) (C:\Users\renda\AppData\Local\Programs\MiKTeX\tex/generic/kvsetkeys\kvsetkeys.sty
Package: kvsetkeys 2019/12/15 v1.18 Key value parser (HO)
)) (C:\Users\renda\AppData\Local\Programs\MiKTeX\tex/generic/pdftexcmds\pdftexcmds.sty
Package: pdftexcmds 2020-06-27 v0.33 Utility functions of pdfTeX for LuaTeX (HO)
 (C:\Users\renda\AppData\Local\Programs\MiKTeX\tex/generic/iftex\iftex.sty
Package: iftex 2022/02/03 v1.0f TeX engine tests
)
Package pdftexcmds Info: \pdf@primitive is available.
Package pdftexcmds Info: \pdf@ifprimitive is available.
Package pdftexcmds Info: \pdfdraftmode found.
)
Package epstopdf-base Info: Redefining graphics rule for `.eps' on input line 485.
Package grfext Info: Graphics extension search list:
(grfext)             [.pdf,.png,.jpg,.mps,.jpeg,.jbig2,.jb2,.PDF,.PNG,.JPG,.JPEG,.JBIG2,.JB2,.eps]
(grfext)             \AppendGraphicsExtensions on input line 504.
 (C:\Users\renda\AppData\Local\Programs\MiKTeX\tex/latex/00miktex\epstopdf-sys.cfg
File: epstopdf-sys.cfg 2021/03/18 v2.0 Configuration of epstopdf for MiKTeX
)) [1

{C:/Users/renda/AppData/Local/MiKTeX/fonts/map/pdftex/pdftex.map}]
<figures//example1.png, id=8, 278.84175pt x 202.95825pt>
File: figures//example1.png Graphic file (type png)
<use figures//example1.png>
Package pdftex.def Info: figures//example1.png  used on input line 43.
(pdftex.def)             Requested size: 292.5pt x 212.92044pt.
 [2 <./figures//example1.png>]
Underfull \hbox (badness 10000) in paragraph at lines 49--57

 []

<figures//example2.png, id=20, 305.943pt x 107.2005pt>
File: figures//example2.png Graphic file (type png)
<use figures//example2.png>
Package pdftex.def Info: figures//example2.png  used on input line 69.
(pdftex.def)             Requested size: 390.0pt x 136.65509pt.
[3 <./figures//example2.png>]
<figures//example3.png, id=30, 314.3745pt x 218.61674pt>
File: figures//example3.png Graphic file (type png)
<use figures//example3.png>
Package pdftex.def Info: figures//example3.png  used on input line 103.
(pdftex.def)             Requested size: 269.10095pt x 187.14941pt.
 [4 <./figures//example3.png>]
<figures//example4.png, id=37, 278.84175pt x 91.542pt>
File: figures//example4.png Graphic file (type png)
<use figures//example4.png>
Package pdftex.def Info: figures//example4.png  used on input line 140.
(pdftex.def)             Requested size: 253.49762pt x 83.22513pt.
 [5 <./figures//example4.png>] [6]
<figures//Relaxation_of_ILP.png, id=47, 245.11575pt x 231.86626pt>
File: figures//Relaxation_of_ILP.png Graphic file (type png)
<use figures//Relaxation_of_ILP.png>
Package pdftex.def Info: figures//Relaxation_of_ILP.png  used on input line 193.
(pdftex.def)             Requested size: 253.49762pt x 239.79784pt.
 [7 <./figures//Relaxation_of_ILP.png>] [8]
<figures//Branch_and_Bound_example1.png, id=58, 245.718pt x 208.98074pt>
File: figures//Branch_and_Bound_example1.png Graphic file (type png)
<use figures//Branch_and_Bound_example1.png>
Package pdftex.def Info: figures//Branch_and_Bound_example1.png  used on input line 216.
(pdftex.def)             Requested size: 269.10095pt x 228.89418pt.
 [9 <./figures//Branch_and_Bound_example1.png>]
<figures//Branch_and_Bound_workedexample_part1.png, id=65, 787.743pt x 463.7325pt>
File: figures//Branch_and_Bound_workedexample_part1.png Graphic file (type png)
<use figures//Branch_and_Bound_workedexample_part1.png>
Package pdftex.def Info: figures//Branch_and_Bound_workedexample_part1.png  used on input line 224.
(pdftex.def)             Requested size: 467.99881pt x 275.5103pt.

Overfull \hbox (77.99881pt too wide) in paragraph at lines 224--225
 [][] 
 []

[10 <./figures//Branch_and_Bound_workedexample_part1.png>]
<figures//Branch_and_Bound_workedexample_part2.png, id=72, 732.336pt x 375.20175pt>
File: figures//Branch_and_Bound_workedexample_part2.png Graphic file (type png)
<use figures//Branch_and_Bound_workedexample_part2.png>
Package pdftex.def Info: figures//Branch_and_Bound_workedexample_part2.png  used on input line 232.
(pdftex.def)             Requested size: 467.99881pt x 239.77905pt.

Overfull \hbox (77.99881pt too wide) in paragraph at lines 232--233
 [][] 
 []

[11 <./figures//Branch_and_Bound_workedexample_part2.png>]
<figures//Problem_1_excel.png, id=79, 985.88326pt x 379.4175pt>
File: figures//Problem_1_excel.png Graphic file (type png)
<use figures//Problem_1_excel.png>
Package pdftex.def Info: figures//Problem_1_excel.png  used on input line 244.
(pdftex.def)             Requested size: 467.99881pt x 180.10939pt.

Overfull \hbox (77.99881pt too wide) in paragraph at lines 244--245
 [][] 
 []

<figures//Problem_2_excel.png, id=81, 1118.37825pt x 352.31625pt>
File: figures//Problem_2_excel.png Graphic file (type png)
<use figures//Problem_2_excel.png>
Package pdftex.def Info: figures//Problem_2_excel.png  used on input line 256.
(pdftex.def)             Requested size: 467.99881pt x 147.42885pt.

Overfull \hbox (77.99881pt too wide) in paragraph at lines 256--257
 [][] 
 []

[12 <./figures//Problem_1_excel.png> <./figures//Problem_2_excel.png>] (main.aux) ) 
Here is how much of TeX's memory you used:
 2786 strings out of 477843
 49168 string characters out of 2823599
 351292 words of memory out of 3000000
 21687 multiletter control sequences out of 15000+600000
 476724 words of font info for 54 fonts, out of 8000000 for 9000
 1141 hyphenation exceptions out of 8191
 60i,12n,67p,366b,351s stack positions out of 10000i,1000n,20000p,200000b,80000s
 <C:\Users\renda\AppData\Local\MiKTeX\fonts/pk/ljfour/jknappen/ec/dpi600\tcrm1200.pk><C:/Users/renda/AppData/Local/Programs/MiKTeX/fonts/type1/public/amsfonts/cm/cmbx10.pfb><C:/Users/renda/AppData/Local/Programs/MiKTeX/fonts/type1/public/amsfonts/cm/cmbx12.pfb><C:/Users/renda/AppData/Local/Programs/MiKTeX/fonts/type1/public/amsfonts/cm/cmex10.pfb><C:/Users/renda/AppData/Local/Programs/MiKTeX/fonts/type1/public/amsfonts/cm/cmmi12.pfb><C:/Users/renda/AppData/Local/Programs/MiKTeX/fonts/type1/public/amsfonts/cm/cmmi8.pfb><C:/Users/renda/AppData/Local/Programs/MiKTeX/fonts/type1/public/amsfonts/cm/cmr12.pfb><C:/Users/renda/AppData/Local/Programs/MiKTeX/fonts/type1/public/amsfonts/cm/cmr17.pfb><C:/Users/renda/AppData/Local/Programs/MiKTeX/fonts/type1/public/amsfonts/cm/cmr8.pfb><C:/Users/renda/AppData/Local/Programs/MiKTeX/fonts/type1/public/amsfonts/cm/cmsy10.pfb>
Output written on main.pdf (12 pages, 614304 bytes).
PDF statistics:
 134 PDF objects out of 1000 (max. 8388607)
 0 named destinations out of 1000 (max. 500000)
 111 words of extra memory for PDF output out of 10000 (max. 10000000)

